<?xml version="1.0" encoding="UTF-8"?>
<!-- Generated by org.testng.reporters.JUnitXMLReporter -->
<testsuite hostname="amiteshs-MacBook-Air.local" ignored="0" name="API Test" tests="4" failures="2" timestamp="17 Jun 2018 19:20:24 GMT" time="4.201" errors="0">
  <testcase name="extractDelete" time="0.492" classname="com.selenium.maven.ExtractDeleteRequest">
    <failure type="java.lang.IllegalArgumentException" message="baseURI cannot be null">
      <![CDATA[java.lang.IllegalArgumentException: baseURI cannot be null
at org.codehaus.groovy.runtime.callsite.ConstructorSite$ConstructorSiteNoUnwrap.callConstructor(ConstructorSite.java:84)
at org.codehaus.groovy.runtime.callsite.CallSiteArray.defaultCallConstructor(CallSiteArray.java:60)
at org.codehaus.groovy.runtime.callsite.AbstractCallSite.callConstructor(AbstractCallSite.java:235)
at org.codehaus.groovy.runtime.callsite.AbstractCallSite.callConstructor(AbstractCallSite.java:247)
at io.restassured.internal.assertion.AssertParameter.notNull(AssertParameter.groovy:26)
at io.restassured.internal.assertion.AssertParameter$notNull.callStatic(Unknown Source)
at org.codehaus.groovy.runtime.callsite.CallSiteArray.defaultCallStatic(CallSiteArray.java:56)
at org.codehaus.groovy.runtime.callsite.AbstractCallSite.callStatic(AbstractCallSite.java:194)
at org.codehaus.groovy.runtime.callsite.AbstractCallSite.callStatic(AbstractCallSite.java:214)
at io.restassured.internal.RequestSpecificationImpl.<init>(RequestSpecificationImpl.groovy:134)
at io.restassured.RestAssured.createTestSpecification(RestAssured.java:1510)
at io.restassured.RestAssured.given(RestAssured.java:711)
at com.selenium.maven.ExtractDeleteRequest.extractDelete(ExtractDeleteRequest.java:32)
... Removed 31 stack frames]]>
    </failure>
  </testcase> <!-- extractDelete -->
  <testcase name="extractDelete" time="0.018" classname="com.selenium.maven.XmlExample">
    <failure type="java.nio.file.NoSuchFileException" message="E:\programs\PostBody.xml">
      <![CDATA[java.nio.file.NoSuchFileException: E:\programs\PostBody.xml
at sun.nio.fs.UnixException.translateToIOException(UnixException.java:86)
at sun.nio.fs.UnixException.rethrowAsIOException(UnixException.java:102)
at sun.nio.fs.UnixException.rethrowAsIOException(UnixException.java:107)
at sun.nio.fs.UnixFileSystemProvider.newByteChannel(UnixFileSystemProvider.java:214)
at java.nio.file.Files.newByteChannel(Files.java:361)
at java.nio.file.Files.newByteChannel(Files.java:407)
at java.nio.file.Files.readAllBytes(Files.java:3152)
at com.selenium.maven.XmlExample.GenerateStringFromResource(XmlExample.java:41)
at com.selenium.maven.XmlExample.extractDelete(XmlExample.java:22)
... Removed 25 stack frames]]>
    </failure>
  </testcase> <!-- extractDelete -->
  <testcase name="example" time="2.538" classname="com.selenium.maven.PostRequest"/>
  <testcase name="example" time="1.1" classname="com.selenium.maven.GetRequest"/>
</testsuite> <!-- API Test -->
