<?xml version="1.0" encoding="UTF-8"?>
<!-- Generated by org.testng.reporters.JUnitXMLReporter -->
<testsuite hostname="amiteshs-Air.Dlink" ignored="0" name="Create a new student contact" tests="2" failures="0" timestamp="02 Aug 2018 06:55:19 GMT" time="27.463" errors="0">
  <testcase name="loginInSite" time="8.627" classname="com.CiviCrm.Practice.NewStudentContact"/>
  <testcase name="createNewStudent" time="14.125" classname="com.CiviCrm.Practice.NewStudentContact"/>
</testsuite> <!-- Create a new student contact -->
