<?xml version="1.0" encoding="UTF-8"?>
<!-- Generated by org.testng.reporters.JUnitXMLReporter -->
<testsuite hostname="amiteshs-MacBook-Air.local" ignored="0" name="New mailling test in firefox" tests="2" failures="0" timestamp="28 Jun 2018 14:47:22 GMT" time="44.405" errors="0">
  <testcase name="login" time="6.589" classname="com.CiviCrm.Practice.NewMailling"/>
  <testcase name="createMail" time="33.495" classname="com.CiviCrm.Practice.NewMailling"/>
</testsuite> <!-- New mailling test in firefox -->
