<?xml version="1.0" encoding="UTF-8"?>
<!-- Generated by org.testng.reporters.JUnitXMLReporter -->
<testsuite hostname="amiteshs-Air.Dlink" ignored="0" name="New student contact test in chrome" tests="2" failures="0" timestamp="02 Jul 2018 06:33:49 GMT" time="28.986" errors="0">
  <testcase name="loginInSite" time="10.423" classname="com.CiviCrm.Practice.NewStudentContact"/>
  <testcase name="createNewStudent" time="14.843" classname="com.CiviCrm.Practice.NewStudentContact"/>
</testsuite> <!-- New student contact test in chrome -->
