<?xml version="1.0" encoding="UTF-8"?>
<!-- Generated by org.testng.reporters.JUnitXMLReporter -->
<testsuite hostname="amiteshs-Air" ignored="0" name="New student contact test in chrome" tests="2" failures="0" timestamp="29 Jun 2018 15:58:04 GMT" time="33.251" errors="0">
  <testcase name="loginInSite" time="11.411" classname="com.CiviCrm.Practice.NewStudentContact"/>
  <testcase name="createNewStudent" time="17.984" classname="com.CiviCrm.Practice.NewStudentContact"/>
</testsuite> <!-- New student contact test in chrome -->
